This file contains any messages produced by compilers while
running configure, to aid debugging if configure makes a mistake.

It was created by ruby-debug-extra configure 0.10.4vc, which was
generated by GNU Autoconf 2.62.  Invocation command line was

  $ ./configure 

## --------- ##
## Platform. ##
## --------- ##

hostname = rs.local
uname -m = i386
uname -r = 9.5.0
uname -s = Darwin
uname -v = Darwin Kernel Version 9.5.0: Wed Sep  3 11:29:43 PDT 2008; root:xnu-1228.7.58~1/RELEASE_I386

/usr/bin/uname -p = i386
/bin/uname -X     = unknown

/bin/arch              = unknown
/usr/bin/arch -k       = unknown
/usr/convex/getsysinfo = unknown
/usr/bin/hostinfo      = Mach kernel version:
	 Darwin Kernel Version 9.5.0: Wed Sep  3 11:29:43 PDT 2008; root:xnu-1228.7.58~1/RELEASE_I386
Kernel configured for up to 2 processors.
2 processors are physically available.
2 processors are logically available.
Processor type: i486 (Intel 80486)
Processors active: 0 1
Primary memory available: 4.00 gigabytes
Default processor set: 90 tasks, 443 threads, 2 processors
Load average: 1.37, Mach factor: 0.62
/bin/machine           = unknown
/usr/bin/oslevel       = unknown
/bin/universe          = unknown

PATH: /usr/local/mysql/bin
PATH: /opt/local/bin
PATH: /opt/local/sbin
PATH: /Applications/SQLAnywhere10/System/sybcentral500
PATH: /Applications/SQLAnywhere10/System/bin32
PATH: /bin
PATH: /usr/bin
PATH: /sbin
PATH: /usr/sbin
PATH: /usr/X11R6/bin
PATH: /usr/libexec/binutils
PATH: .
PATH: /usr/local/bin
PATH: /usr/X11/bin
PATH: /usr/local/git/bin
PATH: /Applications/SQLAnywhere10/System/sybcentral500
PATH: /Applications/SQLAnywhere10/System/bin32
PATH: /bin
PATH: /usr/bin
PATH: /sbin
PATH: /usr/sbin
PATH: /usr/X11R6/bin
PATH: /usr/libexec/binutils


## ----------- ##
## Core tests. ##
## ----------- ##

configure:1805: checking for a BSD-compatible install
configure:1873: result: /opt/local/bin/ginstall -c
configure:1884: checking whether build environment is sane
configure:1927: result: yes
configure:1952: checking for a thread-safe mkdir -p
configure:1991: result: /opt/local/bin/gmkdir -p
configure:2004: checking for gawk
configure:2020: found /opt/local/bin/gawk
configure:2031: result: gawk
configure:2042: checking whether make sets $(MAKE)
configure:2064: result: yes
configure:2263: checking for emacs
configure:2279: found /usr/bin/emacs
configure:2290: result: emacs
configure:2314: checking where .elc files should go
configure:2327: $EMACS -batch -q -eval '(while load-path (princ (concat (car load-path) "\n")) (setq load-path (cdr load-path)))' </dev/null >conftest.out
Loading prestart plugin files ...
... done.
Cannot open doc string file "/Applications/Aquamacs Emacs.app/Contents/Resources/etc/DOC-22.1.1"
configure:2330: $? = 255
configure:2343: result: ${datadir}/emacs/site-lisp
configure:2507: creating ./config.status

## ---------------------- ##
## Running config.status. ##
## ---------------------- ##

This file was extended by ruby-debug-extra config.status 0.10.4vc, which was
generated by GNU Autoconf 2.62.  Invocation command line was

  CONFIG_FILES    = 
  CONFIG_HEADERS  = 
  CONFIG_LINKS    = 
  CONFIG_COMMANDS = 
  $ ./config.status 

on rs.local

config.status:667: creating doc/Makefile
config.status:667: creating emacs/Makefile
config.status:667: creating Makefile

## ---------------- ##
## Cache variables. ##
## ---------------- ##

ac_cv_env_EMACSLOADPATH_set=set
ac_cv_env_EMACSLOADPATH_value='/Applications/Aquamacs Emacs.app/Contents/Resources/site-lisp:/Applications/Aquamacs Emacs.app/Contents/Resources/lisp:/Applications/Aquamacs Emacs.app/Contents/Resources/leim'
ac_cv_env_EMACS_set=set
ac_cv_env_EMACS_value=t
ac_cv_env_build_alias_set=
ac_cv_env_build_alias_value=
ac_cv_env_host_alias_set=
ac_cv_env_host_alias_value=
ac_cv_env_target_alias_set=
ac_cv_env_target_alias_value=
ac_cv_path_install='/opt/local/bin/ginstall -c'
ac_cv_path_mkdir=/opt/local/bin/gmkdir
ac_cv_prog_AWK=gawk
ac_cv_prog_EMACS=emacs
ac_cv_prog_make_make_set=yes
am_cv_lispdir='${datadir}/emacs/site-lisp'

## ----------------- ##
## Output variables. ##
## ----------------- ##

ACLOCAL='${SHELL} /Users/romanshestakov/emacs/ruby/ruby-debug/trunk/missing --run aclocal-1.10'
AMTAR='${SHELL} /Users/romanshestakov/emacs/ruby/ruby-debug/trunk/missing --run tar'
AUTOCONF='${SHELL} /Users/romanshestakov/emacs/ruby/ruby-debug/trunk/missing --run autoconf'
AUTOHEADER='${SHELL} /Users/romanshestakov/emacs/ruby/ruby-debug/trunk/missing --run autoheader'
AUTOMAKE='${SHELL} /Users/romanshestakov/emacs/ruby/ruby-debug/trunk/missing --run automake-1.10'
AWK='gawk'
CYGPATH_W='echo'
DEFS='-DPACKAGE_NAME=\"ruby-debug-extra\" -DPACKAGE_TARNAME=\"ruby-debug-extra\" -DPACKAGE_VERSION=\"0.10.4vc\" -DPACKAGE_STRING=\"ruby-debug-extra\ 0.10.4vc\" -DPACKAGE_BUGREPORT=\"\" -DPACKAGE=\"ruby-debug-extra\" -DVERSION=\"0.10.4vc\"'
ECHO_C='\c'
ECHO_N=''
ECHO_T=''
EMACS='emacs'
EMACSLOADPATH='/Applications/Aquamacs Emacs.app/Contents/Resources/site-lisp:/Applications/Aquamacs Emacs.app/Contents/Resources/lisp:/Applications/Aquamacs Emacs.app/Contents/Resources/leim'
INSTALL_DATA='${INSTALL} -m 644'
INSTALL_EMACS_LISP_FALSE='#'
INSTALL_EMACS_LISP_TRUE=''
INSTALL_PROGRAM='${INSTALL}'
INSTALL_SCRIPT='${INSTALL}'
INSTALL_STRIP_PROGRAM='$(install_sh) -c -s'
LIBOBJS=''
LIBS=''
LTLIBOBJS=''
MAKEINFO='${SHELL} /Users/romanshestakov/emacs/ruby/ruby-debug/trunk/missing --run makeinfo'
MKDIR_P='/opt/local/bin/gmkdir -p'
PACKAGE='ruby-debug-extra'
PACKAGE_BUGREPORT=''
PACKAGE_NAME='ruby-debug-extra'
PACKAGE_STRING='ruby-debug-extra 0.10.4vc'
PACKAGE_TARNAME='ruby-debug-extra'
PACKAGE_VERSION='0.10.4vc'
PATH_SEPARATOR=':'
SET_MAKE=''
SHELL='/bin/sh'
STRIP=''
VERSION='0.10.4vc'
am__isrc=''
am__leading_dot='.'
am__tar='${AMTAR} chof - "$$tardir"'
am__untar='${AMTAR} xf -'
bindir='${exec_prefix}/bin'
build_alias=''
datadir='${datarootdir}'
datarootdir='${prefix}/share'
docdir='${datarootdir}/doc/${PACKAGE_TARNAME}'
dvidir='${docdir}'
exec_prefix='${prefix}'
host_alias=''
htmldir='${docdir}'
includedir='${prefix}/include'
infodir='${datarootdir}/info'
install_sh='$(SHELL) /Users/romanshestakov/emacs/ruby/ruby-debug/trunk/install-sh'
libdir='${exec_prefix}/lib'
libexecdir='${exec_prefix}/libexec'
lispdir='${datadir}/emacs/site-lisp'
localedir='${datarootdir}/locale'
localstatedir='${prefix}/var'
mandir='${datarootdir}/man'
mkdir_p='/opt/local/bin/gmkdir -p'
oldincludedir='/usr/include'
pdfdir='${docdir}'
prefix='/usr/local'
program_transform_name='s,x,x,'
psdir='${docdir}'
sbindir='${exec_prefix}/sbin'
sharedstatedir='${prefix}/com'
sysconfdir='${prefix}/etc'
target_alias=''

## ----------- ##
## confdefs.h. ##
## ----------- ##

#define PACKAGE_NAME "ruby-debug-extra"
#define PACKAGE_TARNAME "ruby-debug-extra"
#define PACKAGE_VERSION "0.10.4vc"
#define PACKAGE_STRING "ruby-debug-extra 0.10.4vc"
#define PACKAGE_BUGREPORT ""
#define PACKAGE "ruby-debug-extra"
#define VERSION "0.10.4vc"

configure: exit 0
